> Task :iot-anomaly-detector-welford-solution:compileJava UP-TO-DATE
> Task :iot-anomaly-detector-welford-solution:processResources NO-SOURCE
> Task :iot-anomaly-detector-welford-solution:classes UP-TO-DATE
> Task :iot-anomaly-detector-welford-solution:jar UP-TO-DATE
> Task :iot-anomaly-detector-scalable-solution:compileJava UP-TO-DATE
> Task :iot-anomaly-detector-scalable-solution:processResources NO-SOURCE
> Task :iot-anomaly-detector-scalable-solution:classes UP-TO-DATE

> Task :iot-anomaly-detector-scalable-solution:run
Generating 2000 devices x 100 measurements/window x 1 window(s), window size 60s, anomaly probability 0.020, parallelism 12
SLF4J: Failed to load class "org.slf4j.impl.StaticLoggerBinder".
SLF4J: Defaulting to no-operation (NOP) logger implementation
SLF4J: See http://www.slf4j.org/codes.html#StaticLoggerBinder for further details.
Device device-1583, measurement 22.6 C, time 39600
Device device-1952, measurement 17.2 C, time 28200
Device device-1627, measurement 16.7 C, time 33600
Device device-1531, measurement 15.1 C, time 25200
Device device-1854, measurement 22.4 C, time 8400
Device device-1349, measurement 19.0 C, time 16200
Device device-1313, measurement 24.0 C, time 30600
Device device-1241, measurement 18.9 C, time 12600
Device device-1144, measurement 18.4 C, time 49800
Device device-1971, measurement 24.6 C, time 52200
Device device-1659, measurement 14.5 C, time 16800
Device device-1910, measurement 22.1 C, time 40200
Device device-1706, measurement 22.7 C, time 29400
Device device-1978, measurement 75.9 C, time 26400
Device device-1438, measurement 25.5 C, time 30600
Device device-1198, measurement 17.6 C, time 600
Device device-1807, measurement 20.4 C, time 6000
Device device-1231, measurement 23.6 C, time 18000
Device device-1841, measurement 75.2 C, time 51600
Device device-0833, measurement 17.1 C, time 28200
Device device-1467, measurement 16.6 C, time 49800
Device device-1238, measurement 15.3 C, time 25800
Device device-1179, measurement 22.6 C, time 49200
Device device-1071, measurement 16.4 C, time 52200
Device device-1250, measurement 23.6 C, time 14400
Device device-0878, measurement 19.1 C, time 58200
Device device-1788, measurement 15.8 C, time 13200
Device device-1788, measurement 15.8 C, time 24000
Device device-0995, measurement 25.6 C, time 58200
Device device-0251, measurement 25.4 C, time 26400
Device device-0898, measurement 14.4 C, time 13200
Device device-0960, measurement 23.2 C, time 22800
Device device-0563, measurement 20.0 C, time 45600
Device device-0311, measurement 17.5 C, time 3000
Device device-0382, measurement 19.6 C, time 8400
Device device-1461, measurement 20.7 C, time 9000
Device device-0189, measurement 16.1 C, time 29400
Device device-0656, measurement 25.8 C, time 26400
Device device-0380, measurement 19.5 C, time 28800
Device device-0308, measurement 20.4 C, time 3000
Device device-1567, measurement 77.6 C, time 28200
Device device-1860, measurement 18.7 C, time 48600
Device device-1355, measurement 16.7 C, time 28200
Device device-1776, measurement 15.5 C, time 53400
Device device-1307, measurement 14.8 C, time 45600
Device device-1295, measurement 18.7 C, time 7200
Device device-1307, measurement 16.5 C, time 59400
Device device-1163, measurement 79.6 C, time 3000
Device device-1833, measurement 13.9 C, time 45600
Device device-0803, measurement 21.8 C, time 33000
Device device-1279, measurement 20.3 C, time 2400
Device device-1953, measurement 23.7 C, time 24000
Device device-1171, measurement 21.0 C, time 9600
Device device-1629, measurement 17.7 C, time 4800
Device device-1721, measurement 22.5 C, time 29400
Device device-1726, measurement 21.3 C, time 37800
Device device-1709, measurement 15.9 C, time 21000
Device device-1593, measurement 18.8 C, time 4800
Device device-1593, measurement 16.9 C, time 34200
Device device-0907, measurement 16.0 C, time 19200
Device device-1938, measurement 16.6 C, time 58200
Device device-1425, measurement 18.9 C, time 25200
Device device-1661, measurement 21.5 C, time 59400
Device device-1687, measurement 16.4 C, time 27600
Device device-1924, measurement 16.1 C, time 600
Device device-1397, measurement 22.9 C, time 17400
Device device-1530, measurement 16.1 C, time 42000
Device device-1552, measurement 23.2 C, time 19200
Device device-1504, measurement 19.2 C, time 44400
Device device-1552, measurement 23.2 C, time 57600
Device device-1242, measurement 76.8 C, time 7200
Device device-1384, measurement 15.5 C, time 43200
Device device-1550, measurement 19.4 C, time 34800
Device device-1623, measurement 20.1 C, time 13200
Device device-1550, measurement 19.5 C, time 56400
Device device-1623, measurement 20.2 C, time 27600
Device device-1730, measurement 22.4 C, time 45600
Device device-1551, measurement 18.3 C, time 19200
Device device-1668, measurement 20.4 C, time 3000
Device device-1551, measurement 16.3 C, time 58200
Device device-1022, measurement 15.8 C, time 52200
Device device-1503, measurement 20.8 C, time 35400
Device device-1022, measurement 15.8 C, time 57000
Device device-0406, measurement 14.3 C, time 4200
Device device-1371, measurement 18.1 C, time 34800
Device device-1633, measurement 83.1 C, time 11400
Device device-1151, measurement 24.1 C, time 8400
Device device-0322, measurement 22.2 C, time 56400
Device device-1501, measurement 16.7 C, time 55800
Device device-0684, measurement 19.8 C, time 40200
Device device-1005, measurement 20.8 C, time 9600
Device device-0263, measurement 24.2 C, time 49800
Device device-0177, measurement 16.9 C, time 6600
Device device-1619, measurement 21.7 C, time 0
Device device-1424, measurement 22.6 C, time 4800
Device device-1199, measurement 16.9 C, time 22200
Device device-0788, measurement 18.8 C, time 21600
Device device-0191, measurement 84.9 C, time 51000
Device device-1015, measurement 81.5 C, time 4800
Device device-1030, measurement 75.8 C, time 58200
Device device-0514, measurement 16.6 C, time 33600
Device device-0846, measurement 17.3 C, time 58800
Device device-0490, measurement 16.1 C, time 25200
Device device-0546, measurement 23.0 C, time 24000
Device device-0537, measurement 20.8 C, time 3600
Device device-0270, measurement 14.7 C, time 30600
Device device-0884, measurement 17.6 C, time 15000
Device device-1089, measurement 24.3 C, time 24600
Device device-0799, measurement 78.7 C, time 40800
Device device-0619, measurement 25.0 C, time 40800
Device device-0619, measurement 23.1 C, time 42600
Device device-1546, measurement 17.0 C, time 16200
Device device-1219, measurement 17.7 C, time 3600
Device device-0835, measurement 18.1 C, time 42000
Device device-0102, measurement 20.1 C, time 27600
Device device-0066, measurement 19.2 C, time 49200
Device device-0329, measurement 21.2 C, time 36000
Device device-1347, measurement 20.4 C, time 4800
Device device-0447, measurement 18.6 C, time 29400
Device device-0950, measurement 15.9 C, time 28200
Device device-0360, measurement 84.7 C, time 33000
Device device-0348, measurement 17.4 C, time 10800
Device device-0048, measurement 17.2 C, time 40800
Device device-1759, measurement 22.2 C, time 24000
Device device-1723, measurement 81.3 C, time 26400
Device device-1543, measurement 20.9 C, time 11400
Device device-1758, measurement 15.3 C, time 10800
Device device-1852, measurement 23.2 C, time 40800
Device device-1995, measurement 20.8 C, time 0
Device device-1691, measurement 78.5 C, time 37800
Device device-1319, measurement 20.3 C, time 27000
Device device-1271, measurement 14.6 C, time 27600
Device device-1702, measurement 14.7 C, time 3600
Device device-1162, measurement 17.2 C, time 15000
Device device-0765, measurement 16.0 C, time 1200
Device device-1292, measurement 19.1 C, time 18600
Device device-1292, measurement 19.3 C, time 30000
Device device-1088, measurement 25.1 C, time 30600
Device device-1423, measurement 23.6 C, time 6000
Device device-1135, measurement 18.6 C, time 57600
Device device-1895, measurement 22.9 C, time 22800
Device device-0629, measurement 83.2 C, time 3600
Device device-1804, measurement 20.4 C, time 7800
Device device-0293, measurement 21.5 C, time 51000
Device device-0173, measurement 22.8 C, time 12600
Device device-1492, measurement 20.0 C, time 42000
Device device-0687, measurement 16.4 C, time 30600
Device device-1468, measurement 17.6 C, time 4200
Device device-0291, measurement 20.1 C, time 53400
Device device-0918, measurement 23.8 C, time 48600
Device device-0861, measurement 16.5 C, time 4800
Device device-0006, measurement 19.2 C, time 13800
Device device-0728, measurement 19.3 C, time 17400
Device device-0101, measurement 16.8 C, time 56400
Device device-1591, measurement 23.7 C, time 42600
Device device-0796, measurement 85.0 C, time 33000
Device device-1471, measurement 81.2 C, time 51000
Device device-0218, measurement 14.3 C, time 19200
Device device-1182, measurement 17.2 C, time 24600
Device device-0180, measurement 17.1 C, time 46800
Device device-1694, measurement 16.1 C, time 27600
Device device-1609, measurement 22.4 C, time 51600
Device device-1775, measurement 18.6 C, time 45600
Device device-1738, measurement 23.6 C, time 8400
Device device-1498, measurement 20.5 C, time 6000
Device device-1294, measurement 18.9 C, time 32400
Device device-1336, measurement 26.0 C, time 36600
Device device-1844, measurement 77.3 C, time 45000
Device device-1643, measurement 17.4 C, time 6000
Device device-1671, measurement 19.3 C, time 40800
Device device-1078, measurement 18.0 C, time 29400
Device device-1928, measurement 80.1 C, time 18000
Device device-0403, measurement 24.3 C, time 24600
Device device-0235, measurement 16.5 C, time 20400
Device device-1753, measurement 15.5 C, time 20400
Device device-1643, measurement 17.4 C, time 54000
Device device-1820, measurement 19.4 C, time 47400
Device device-1246, measurement 20.8 C, time 54000
Device device-1367, measurement 15.7 C, time 6000
Device device-1713, measurement 17.0 C, time 1800
Device device-1330, measurement 20.0 C, time 3000
Device device-0558, measurement 21.0 C, time 29400
Device device-1318, measurement 16.6 C, time 12000
Device device-0186, measurement 16.8 C, time 44400
Device device-1797, measurement 25.2 C, time 21000
Device device-1062, measurement 16.8 C, time 48000
Device device-0134, measurement 16.2 C, time 13200
Device device-0316, measurement 22.9 C, time 59400
Device device-1664, measurement 15.6 C, time 20400
Device device-0449, measurement 23.1 C, time 27000
Device device-0805, measurement 22.9 C, time 23400
Device device-1568, measurement 22.2 C, time 21000
Device device-0781, measurement 15.7 C, time 5400
Device device-1590, measurement 83.5 C, time 14400
Device device-0445, measurement 20.5 C, time 7800
Device device-1853, measurement 14.8 C, time 7200
Device device-0924, measurement 23.1 C, time 58200
Device device-1781, measurement 19.8 C, time 46800
Device device-0317, measurement 21.8 C, time 28200
Device device-1565, measurement 18.8 C, time 21000
Device device-0233, measurement 20.9 C, time 19800
Device device-0712, measurement 18.4 C, time 600
Device device-1755, measurement 14.2 C, time 12600
Device device-0075, measurement 23.5 C, time 36000
Device device-0027, measurement 17.8 C, time 17400
Device device-0446, measurement 23.8 C, time 54600
Device device-1108, measurement 79.7 C, time 58200
Device device-0290, measurement 25.3 C, time 20400
Device device-1045, measurement 20.3 C, time 54600
Device device-1299, measurement 18.2 C, time 52200
Device device-0493, measurement 16.9 C, time 42000
Device device-1544, measurement 18.8 C, time 30000
Device device-1784, measurement 21.4 C, time 10200
Device device-1944, measurement 18.4 C, time 15600
Device device-0361, measurement 18.6 C, time 6600
Device device-0695, measurement 75.1 C, time 27600
Device device-1576, measurement 14.3 C, time 48000
Device device-1848, measurement 22.2 C, time 32400
Device device-0383, measurement 22.1 C, time 40800
Device device-1923, measurement 22.1 C, time 27600
Device device-1836, measurement 22.3 C, time 28200
Device device-0814, measurement 14.4 C, time 53400
Device device-0419, measurement 22.1 C, time 57000
Device device-1798, measurement 15.1 C, time 4200
Device device-1185, measurement 25.4 C, time 43200
Device device-1808, measurement 19.3 C, time 58800
Device device-1638, measurement 21.1 C, time 9000
Device device-0741, measurement 22.2 C, time 49800
Device device-1876, measurement 16.5 C, time 25200
Device device-0132, measurement 20.7 C, time 13800
Device device-0981, measurement 19.1 C, time 24000
Device device-1931, measurement 15.0 C, time 6600
Device device-1592, measurement 21.5 C, time 15000
Device device-1894, measurement 15.0 C, time 30000
Device device-1172, measurement 23.3 C, time 18000
Device device-1131, measurement 14.6 C, time 17400
Device device-0903, measurement 76.6 C, time 18000
Device device-1795, measurement 82.2 C, time 51600
Device device-0432, measurement 16.4 C, time 12600
Device device-0136, measurement 21.0 C, time 9600
Device device-0375, measurement 24.2 C, time 43200
Device device-0064, measurement 19.0 C, time 59400
Device device-1769, measurement 22.2 C, time 56400
Device device-1658, measurement 21.2 C, time 5400
Device device-1733, measurement 20.3 C, time 16800
Device device-1959, measurement 16.3 C, time 46800
Device device-1421, measurement 24.4 C, time 16800
Device device-1410, measurement 20.9 C, time 8400
Device device-0609, measurement 22.5 C, time 39600
Device device-1815, measurement 17.8 C, time 43800
Device device-0585, measurement 24.4 C, time 30000
Device device-1527, measurement 19.0 C, time 19800
Device device-1660, measurement 21.3 C, time 47400
Device device-0515, measurement 22.9 C, time 10800
Device device-1947, measurement 22.5 C, time 54000
Device device-1559, measurement 23.5 C, time 28800
Device device-1911, measurement 22.4 C, time 34800
Device device-1451, measurement 17.9 C, time 3000
Device device-1703, measurement 19.1 C, time 57600
Device device-1613, measurement 15.6 C, time 52200
Device device-0495, measurement 25.3 C, time 58800
Device device-1301, measurement 14.9 C, time 2400
Device device-0195, measurement 78.4 C, time 30600
Device device-1414, measurement 18.4 C, time 1200
Device device-1677, measurement 23.1 C, time 600
Device device-0375, measurement 24.2 C, time 43800
Device device-1257, measurement 17.2 C, time 56400
Device device-0063, measurement 22.8 C, time 22800
Device device-0135, measurement 16.5 C, time 6000
Device device-0063, measurement 22.8 C, time 28200
Device device-1791, measurement 20.2 C, time 19800
Device device-1394, measurement 18.3 C, time 30600
Device device-1061, measurement 19.2 C, time 31200
Device device-1810, measurement 16.0 C, time 0
Device device-1174, measurement 20.6 C, time 18000
Device device-1622, measurement 25.8 C, time 0
Device device-0910, measurement 15.7 C, time 25800
Device device-0573, measurement 18.8 C, time 52800
Device device-1338, measurement 83.2 C, time 15600
Device device-0369, measurement 21.1 C, time 52200
Device device-1869, measurement 79.1 C, time 37800
Device device-1586, measurement 18.5 C, time 28800
Device device-1054, measurement 21.5 C, time 23400
Device device-1756, measurement 15.4 C, time 58800
Device device-1166, measurement 20.3 C, time 19200
Device device-1779, measurement 20.8 C, time 33000
Device device-0614, measurement 23.9 C, time 45600
Device device-0914, measurement 16.9 C, time 21000
Device device-1539, measurement 24.7 C, time 4200
Device device-0070, measurement 24.1 C, time 41400
Device device-1431, measurement 20.6 C, time 15600
Device device-1310, measurement 20.1 C, time 1800
Device device-1653, measurement 19.2 C, time 38400
Device device-1862, measurement 17.0 C, time 51600
Device device-0309, measurement 14.7 C, time 49800
Device device-1413, measurement 15.8 C, time 31800
Device device-1825, measurement 23.0 C, time 8400
Device device-1273, measurement 84.5 C, time 28200
Device device-1741, measurement 81.0 C, time 28200
Device device-1095, measurement 18.5 C, time 3000
Device device-0645, measurement 23.7 C, time 10800
Device device-0553, measurement 21.5 C, time 33600
Device device-0590, measurement 23.6 C, time 4200
Device device-0920, measurement 76.5 C, time 7800
Device device-1191, measurement 16.7 C, time 45600
Device device-0241, measurement 21.0 C, time 2400
Device device-1754, measurement 15.0 C, time 51600
Device device-0792, measurement 21.0 C, time 20400
Device device-1981, measurement 18.5 C, time 33000
Device device-1814, measurement 23.7 C, time 25200
Device device-1152, measurement 16.0 C, time 13200
Device device-0901, measurement 19.1 C, time 51000
Device device-0359, measurement 16.1 C, time 37800
Device device-0957, measurement 15.6 C, time 8400
Device device-0347, measurement 20.3 C, time 15600
Device device-0560, measurement 83.8 C, time 1200
Device device-1388, measurement 23.6 C, time 10800
Device device-0347, measurement 20.2 C, time 24000
Device device-1644, measurement 17.1 C, time 21600
Device device-0155, measurement 20.0 C, time 48600
Device device-1178, measurement 14.3 C, time 55200
Device device-1345, measurement 20.9 C, time 19200
Device device-0672, measurement 14.1 C, time 43200
Device device-0888, measurement 21.5 C, time 24600
Device device-1608, measurement 22.7 C, time 39600
Device device-0536, measurement 79.9 C, time 2400
Device device-0648, measurement 16.1 C, time 31200
Device device-1345, measurement 20.9 C, time 20400
Device device-0119, measurement 23.4 C, time 7200
Device device-1824, measurement 19.3 C, time 55800
Device device-0394, measurement 20.5 C, time 57000
Device device-0816, measurement 81.6 C, time 43200
Device device-0851, measurement 18.9 C, time 59400
Device device-0779, measurement 15.6 C, time 4200
Device device-0023, measurement 19.5 C, time 52200
Device device-1512, measurement 18.4 C, time 10800
Device device-1364, measurement 14.6 C, time 25800
Device device-0320, measurement 17.4 C, time 15600
Device device-1415, measurement 21.2 C, time 47400
Device device-0128, measurement 16.0 C, time 1800
Device device-0671, measurement 24.4 C, time 14400
Device device-0766, measurement 77.4 C, time 16200
Device device-0658, measurement 22.8 C, time 40800
Device device-0358, measurement 21.8 C, time 46200
Device device-1207, measurement 16.4 C, time 23400
Device device-1079, measurement 18.8 C, time 34200
Device device-0213, measurement 18.3 C, time 43800
Device device-0068, measurement 19.4 C, time 16200
Device device-1867, measurement 16.3 C, time 45000
Device device-0068, measurement 17.3 C, time 46800
Device device-0105, measurement 18.5 C, time 6000
Device device-1051, measurement 18.9 C, time 53400
Device device-0167, measurement 17.4 C, time 33000
Device device-1123, measurement 78.0 C, time 30000
Device device-0462, measurement 20.7 C, time 46200
Device device-0105, measurement 18.5 C, time 21600
Device device-0082, measurement 19.5 C, time 25200
Device device-0093, measurement 18.3 C, time 49800
Device device-0126, measurement 20.4 C, time 58200
Device device-0115, measurement 20.4 C, time 34800
Device device-1210, measurement 16.6 C, time 30000
Device device-1362, measurement 16.9 C, time 37200
Device device-0488, measurement 16.4 C, time 57000
Device device-0694, measurement 17.3 C, time 11400
Device device-0284, measurement 21.0 C, time 22800
Device device-0260, measurement 21.7 C, time 31200
Device device-0906, measurement 23.0 C, time 51000
Device device-0082, measurement 19.5 C, time 49200
Device device-1686, measurement 23.6 C, time 3600
Device device-1686, measurement 23.7 C, time 38400
Device device-1637, measurement 21.1 C, time 13200
Device device-0081, measurement 15.0 C, time 45000
Device device-0557, measurement 21.7 C, time 11400
Device device-1422, measurement 16.9 C, time 21000
Device device-0461, measurement 23.7 C, time 31800
Device device-1209, measurement 20.2 C, time 58800
Device device-0868, measurement 14.2 C, time 29400
Device device-0226, measurement 84.9 C, time 30600
Device device-0465, measurement 17.4 C, time 58200
Device device-1121, measurement 16.8 C, time 16800
Device device-0525, measurement 18.2 C, time 34200
Device device-0100, measurement 22.6 C, time 0
Device device-0822, measurement 24.7 C, time 49800
Device device-0429, measurement 17.0 C, time 56400
Device device-1028, measurement 18.2 C, time 2400
Device device-0951, measurement 21.4 C, time 49200
Device device-1028, measurement 16.5 C, time 32400
Device device-0968, measurement 17.0 C, time 51600
Device device-1060, measurement 21.2 C, time 42600
Device device-0100, measurement 24.3 C, time 8400
Device device-1136, measurement 15.4 C, time 54000
Device device-1455, measurement 17.3 C, time 53400
Device device-0055, measurement 17.6 C, time 52800
Device device-0464, measurement 23.1 C, time 40200
Device device-0543, measurement 19.0 C, time 17400
Device device-1505, measurement 19.1 C, time 57000
Device device-0223, measurement 16.1 C, time 21600
Device device-1446, measurement 24.2 C, time 21000
Device device-0999, measurement 19.5 C, time 13200
Device device-0855, measurement 21.0 C, time 25800
Device device-1230, measurement 18.3 C, time 3600
Device device-1346, measurement 21.9 C, time 32400
Device device-0459, measurement 21.0 C, time 17400
Device device-0175, measurement 18.3 C, time 19800
Device device-1085, measurement 21.5 C, time 30600
Device device-1717, measurement 20.9 C, time 26400
Device device-0354, measurement 19.5 C, time 51000
Device device-1441, measurement 23.9 C, time 43800
Device device-1764, measurement 22.9 C, time 13200
Device device-1574, measurement 23.2 C, time 9000
Device device-0294, measurement 19.3 C, time 12600
Device device-0701, measurement 19.1 C, time 9000
Device device-0258, measurement 15.9 C, time 37200
Device device-0175, measurement 18.3 C, time 54600
Device device-0210, measurement 14.6 C, time 1800
Device device-0431, measurement 14.2 C, time 51600
Device device-0324, measurement 21.5 C, time 57000
Device device-0281, measurement 20.6 C, time 28200
Device device-1574, measurement 23.2 C, time 48000
Device device-0610, measurement 15.3 C, time 26400
Device device-1312, measurement 21.5 C, time 45600
Device device-0411, measurement 19.3 C, time 27600
Device device-0127, measurement 18.7 C, time 48600
Device device-0166, measurement 15.0 C, time 55200
Device device-0699, measurement 18.0 C, time 25200
Device device-1406, measurement 18.4 C, time 47400
Device device-1072, measurement 15.8 C, time 51000
Device device-0761, measurement 17.7 C, time 31200
Device device-1153, measurement 20.0 C, time 53400
Device device-0964, measurement 24.2 C, time 48000
Device device-0401, measurement 22.4 C, time 44400
Device device-0111, measurement 20.5 C, time 18000
Device device-0061, measurement 21.5 C, time 6600
Device device-0022, measurement 23.2 C, time 21000
Device device-0315, measurement 21.2 C, time 35400
Device device-0758, measurement 76.2 C, time 30600
Device device-0705, measurement 24.4 C, time 47400
Device device-0089, measurement 14.7 C, time 16800
Device device-1129, measurement 16.9 C, time 28800
Device device-0017, measurement 23.8 C, time 6000
Device device-0544, measurement 23.6 C, time 13800
Device device-0768, measurement 14.2 C, time 1800
Device device-0244, measurement 22.6 C, time 31200
Device device-0915, measurement 16.2 C, time 15600
Device device-0597, measurement 16.9 C, time 11400
Device device-0315, measurement 21.2 C, time 54600
Device device-0321, measurement 24.0 C, time 1200
Device device-0915, measurement 17.8 C, time 36600
Device device-0420, measurement 22.2 C, time 31800
Device device-0928, measurement 17.0 C, time 5400
Device device-0117, measurement 16.4 C, time 33600
Device device-0087, measurement 17.0 C, time 10800
Device device-0592, measurement 18.1 C, time 28200
Device device-0039, measurement 26.0 C, time 4800
Device device-0932, measurement 22.8 C, time 46200
Device device-0460, measurement 21.6 C, time 27000
Device device-0517, measurement 25.3 C, time 14400
Device device-0854, measurement 16.3 C, time 1800
Device device-0668, measurement 20.3 C, time 58800
Device device-0469, measurement 81.1 C, time 31200
Device device-0230, measurement 24.9 C, time 52200
Device device-0596, measurement 19.2 C, time 48000
Device device-0076, measurement 80.2 C, time 16200
Device device-0086, measurement 75.0 C, time 31800
Device device-0440, measurement 21.0 C, time 59400
Device device-0026, measurement 17.1 C, time 18600
Device device-0756, measurement 22.0 C, time 42000
Device device-0715, measurement 18.8 C, time 36600
Device device-0756, measurement 22.0 C, time 58800
Device device-1335, measurement 81.1 C, time 22200
Device device-0133, measurement 15.3 C, time 39600
Device device-1158, measurement 78.1 C, time 12600
Device device-1203, measurement 16.2 C, time 25800
Device device-0037, measurement 19.0 C, time 45000
Device device-0762, measurement 22.1 C, time 9000
Device device-0314, measurement 22.8 C, time 40200
Device device-0228, measurement 22.4 C, time 24000
Device device-0278, measurement 19.4 C, time 25200
Device device-0665, measurement 24.5 C, time 33000
Device device-1225, measurement 17.4 C, time 38400
Device device-0545, measurement 15.9 C, time 32400
Device device-0972, measurement 24.1 C, time 53400
Device device-0864, measurement 24.7 C, time 45000
Device device-0004, measurement 25.9 C, time 50400
Device device-0264, measurement 17.3 C, time 6000
Device device-0531, measurement 22.5 C, time 46800
Device device-0507, measurement 22.7 C, time 14400
Device device-0266, measurement 18.6 C, time 47400
Device device-0985, measurement 21.2 C, time 15000
Device device-0913, measurement 23.7 C, time 24600
Device device-0913, measurement 25.7 C, time 27600
Device device-0685, measurement 14.6 C, time 50400
Device device-0337, measurement 23.8 C, time 27600
Device device-1200, measurement 21.7 C, time 49200

BUILD SUCCESSFUL in 13s
4 actionable tasks: 1 executed, 3 up-to-date
